  PaddleOCR-cpp.cpp
C:\Gutc\PaddleOCR-cpp\PaddleOCR-cpp\text_det.h(26,32): warning C4305: '正在初始化': 從 'double' 轉換為 'const float'，是由較大的類型轉換為較小的類型，可能導致資料遺失
  (編譯來源檔案 'PaddleOCR-cpp.cpp')
  
C:\Gutc\PaddleOCR-cpp\PaddleOCR-cpp\text_det.h(26,39): warning C4305: '正在初始化': 從 'double' 轉換為 'const float'，是由較大的類型轉換為較小的類型，可能導致資料遺失
  (編譯來源檔案 'PaddleOCR-cpp.cpp')
  
C:\Gutc\PaddleOCR-cpp\PaddleOCR-cpp\text_det.h(26,46): warning C4305: '正在初始化': 從 'double' 轉換為 'const float'，是由較大的類型轉換為較小的類型，可能導致資料遺失
  (編譯來源檔案 'PaddleOCR-cpp.cpp')
  
C:\Gutc\PaddleOCR-cpp\PaddleOCR-cpp\text_det.h(27,32): warning C4305: '正在初始化': 從 'double' 轉換為 'const float'，是由較大的類型轉換為較小的類型，可能導致資料遺失
  (編譯來源檔案 'PaddleOCR-cpp.cpp')
  
C:\Gutc\PaddleOCR-cpp\PaddleOCR-cpp\text_det.h(27,39): warning C4305: '正在初始化': 從 'double' 轉換為 'const float'，是由較大的類型轉換為較小的類型，可能導致資料遺失
  (編譯來源檔案 'PaddleOCR-cpp.cpp')
  
C:\Gutc\PaddleOCR-cpp\PaddleOCR-cpp\text_det.h(27,46): warning C4305: '正在初始化': 從 'double' 轉換為 'const float'，是由較大的類型轉換為較小的類型，可能導致資料遺失
  (編譯來源檔案 'PaddleOCR-cpp.cpp')
  
  text_det.cpp
C:\Gutc\PaddleOCR-cpp\PaddleOCR-cpp\text_det.cpp(1,1): warning C4819: 檔案含有無法在目前字碼頁 (950) 中表示的字元。請以 Unicode 格式儲存檔案以防止資料遺失
C:\Gutc\PaddleOCR-cpp\PaddleOCR-cpp\text_det.h(26,32): warning C4305: '正在初始化': 從 'double' 轉換為 'const float'，是由較大的類型轉換為較小的類型，可能導致資料遺失
  (編譯來源檔案 'text_det.cpp')
  
C:\Gutc\PaddleOCR-cpp\PaddleOCR-cpp\text_det.h(26,39): warning C4305: '正在初始化': 從 'double' 轉換為 'const float'，是由較大的類型轉換為較小的類型，可能導致資料遺失
  (編譯來源檔案 'text_det.cpp')
  
C:\Gutc\PaddleOCR-cpp\PaddleOCR-cpp\text_det.h(26,46): warning C4305: '正在初始化': 從 'double' 轉換為 'const float'，是由較大的類型轉換為較小的類型，可能導致資料遺失
  (編譯來源檔案 'text_det.cpp')
  
C:\Gutc\PaddleOCR-cpp\PaddleOCR-cpp\text_det.h(27,32): warning C4305: '正在初始化': 從 'double' 轉換為 'const float'，是由較大的類型轉換為較小的類型，可能導致資料遺失
  (編譯來源檔案 'text_det.cpp')
  
C:\Gutc\PaddleOCR-cpp\PaddleOCR-cpp\text_det.h(27,39): warning C4305: '正在初始化': 從 'double' 轉換為 'const float'，是由較大的類型轉換為較小的類型，可能導致資料遺失
  (編譯來源檔案 'text_det.cpp')
  
C:\Gutc\PaddleOCR-cpp\PaddleOCR-cpp\text_det.h(27,46): warning C4305: '正在初始化': 從 'double' 轉換為 'const float'，是由較大的類型轉換為較小的類型，可能導致資料遺失
  (編譯來源檔案 'text_det.cpp')
  
C:\Gutc\PaddleOCR-cpp\PaddleOCR-cpp\text_det.cpp(5,26): warning C4305: '=': 從 'double' 轉換為 'float'，是由較大的類型轉換為較小的類型，可能導致資料遺失
C:\Gutc\PaddleOCR-cpp\PaddleOCR-cpp\text_det.cpp(7,22): warning C4305: '=': 從 'double' 轉換為 'float'，是由較大的類型轉換為較小的類型，可能導致資料遺失
C:\Gutc\PaddleOCR-cpp\PaddleOCR-cpp\text_det.cpp(72,91): warning C4244: '=': 將 'double' 轉換為 '_Ty'，由於類型不同，可能導致資料遺失
C:\Gutc\PaddleOCR-cpp\PaddleOCR-cpp\text_det.cpp(72,91): warning C4244:         with
C:\Gutc\PaddleOCR-cpp\PaddleOCR-cpp\text_det.cpp(72,91): warning C4244:         [
C:\Gutc\PaddleOCR-cpp\PaddleOCR-cpp\text_det.cpp(72,91): warning C4244:             _Ty=float
C:\Gutc\PaddleOCR-cpp\PaddleOCR-cpp\text_det.cpp(72,91): warning C4244:         ]
C:\Gutc\PaddleOCR-cpp\PaddleOCR-cpp\text_det.cpp(114,11): warning C4244: '正在初始化': 將 '_Ty' 轉換為 'int'，由於類型不同，可能導致資料遺失
C:\Gutc\PaddleOCR-cpp\PaddleOCR-cpp\text_det.cpp(114,11): warning C4244:         with
C:\Gutc\PaddleOCR-cpp\PaddleOCR-cpp\text_det.cpp(114,11): warning C4244:         [
C:\Gutc\PaddleOCR-cpp\PaddleOCR-cpp\text_det.cpp(114,11): warning C4244:             _Ty=int64_t
C:\Gutc\PaddleOCR-cpp\PaddleOCR-cpp\text_det.cpp(114,11): warning C4244:         ]
C:\Gutc\PaddleOCR-cpp\PaddleOCR-cpp\text_det.cpp(289,14): warning C4244: '正在初始化': 將 '_Tp' 轉換為 'float'，由於類型不同，可能導致資料遺失
C:\Gutc\PaddleOCR-cpp\PaddleOCR-cpp\text_det.cpp(289,14): warning C4244:         with
C:\Gutc\PaddleOCR-cpp\PaddleOCR-cpp\text_det.cpp(289,14): warning C4244:         [
C:\Gutc\PaddleOCR-cpp\PaddleOCR-cpp\text_det.cpp(289,14): warning C4244:             _Tp=double
C:\Gutc\PaddleOCR-cpp\PaddleOCR-cpp\text_det.cpp(289,14): warning C4244:         ]
C:\Gutc\PaddleOCR-cpp\PaddleOCR-cpp\text_det.cpp(295,13): warning C4244: '正在初始化': 將 'double' 轉換為 'float'，由於類型不同，可能導致資料遺失
C:\Gutc\PaddleOCR-cpp\PaddleOCR-cpp\text_det.cpp(296,15): warning C4244: '正在初始化': 將 'double' 轉換為 'float'，由於類型不同，可能導致資料遺失
C:\Gutc\PaddleOCR-cpp\PaddleOCR-cpp\text_det.cpp(324,18): warning C4244: '正在初始化': 將 'double' 轉換為 'float'，由於類型不同，可能導致資料遺失
C:\Gutc\PaddleOCR-cpp\PaddleOCR-cpp\text_det.cpp(328,23): warning C4244: '=': 將 'double' 轉換為 '_Tp'，由於類型不同，可能導致資料遺失
C:\Gutc\PaddleOCR-cpp\PaddleOCR-cpp\text_det.cpp(328,23): warning C4244:         with
C:\Gutc\PaddleOCR-cpp\PaddleOCR-cpp\text_det.cpp(328,23): warning C4244:         [
C:\Gutc\PaddleOCR-cpp\PaddleOCR-cpp\text_det.cpp(328,23): warning C4244:             _Tp=float
C:\Gutc\PaddleOCR-cpp\PaddleOCR-cpp\text_det.cpp(328,23): warning C4244:         ]
C:\Gutc\PaddleOCR-cpp\PaddleOCR-cpp\text_det.cpp(329,23): warning C4244: '=': 將 'double' 轉換為 '_Tp'，由於類型不同，可能導致資料遺失
C:\Gutc\PaddleOCR-cpp\PaddleOCR-cpp\text_det.cpp(329,23): warning C4244:         with
C:\Gutc\PaddleOCR-cpp\PaddleOCR-cpp\text_det.cpp(329,23): warning C4244:         [
C:\Gutc\PaddleOCR-cpp\PaddleOCR-cpp\text_det.cpp(329,23): warning C4244:             _Tp=float
C:\Gutc\PaddleOCR-cpp\PaddleOCR-cpp\text_det.cpp(329,23): warning C4244:         ]
C:\Gutc\PaddleOCR-cpp\PaddleOCR-cpp\text_det.cpp(356,55): warning C4244: '引數': 將 'const _Tp' 轉換為 '_Tp'，由於類型不同，可能導致資料遺失
C:\Gutc\PaddleOCR-cpp\PaddleOCR-cpp\text_det.cpp(356,55): warning C4244:         with
C:\Gutc\PaddleOCR-cpp\PaddleOCR-cpp\text_det.cpp(356,55): warning C4244:         [
C:\Gutc\PaddleOCR-cpp\PaddleOCR-cpp\text_det.cpp(356,55): warning C4244:             _Tp=int
C:\Gutc\PaddleOCR-cpp\PaddleOCR-cpp\text_det.cpp(356,55): warning C4244:         ]
C:\Gutc\PaddleOCR-cpp\PaddleOCR-cpp\text_det.cpp(356,55): warning C4244:         and
C:\Gutc\PaddleOCR-cpp\PaddleOCR-cpp\text_det.cpp(356,55): warning C4244:         [
C:\Gutc\PaddleOCR-cpp\PaddleOCR-cpp\text_det.cpp(356,55): warning C4244:             _Tp=float
C:\Gutc\PaddleOCR-cpp\PaddleOCR-cpp\text_det.cpp(356,55): warning C4244:         ]
C:\Gutc\PaddleOCR-cpp\PaddleOCR-cpp\text_det.cpp(356,97): warning C4244: '引數': 將 'const _Tp' 轉換為 '_Tp'，由於類型不同，可能導致資料遺失
C:\Gutc\PaddleOCR-cpp\PaddleOCR-cpp\text_det.cpp(356,97): warning C4244:         with
C:\Gutc\PaddleOCR-cpp\PaddleOCR-cpp\text_det.cpp(356,97): warning C4244:         [
C:\Gutc\PaddleOCR-cpp\PaddleOCR-cpp\text_det.cpp(356,97): warning C4244:             _Tp=int
C:\Gutc\PaddleOCR-cpp\PaddleOCR-cpp\text_det.cpp(356,97): warning C4244:         ]
C:\Gutc\PaddleOCR-cpp\PaddleOCR-cpp\text_det.cpp(356,97): warning C4244:         and
C:\Gutc\PaddleOCR-cpp\PaddleOCR-cpp\text_det.cpp(356,97): warning C4244:         [
C:\Gutc\PaddleOCR-cpp\PaddleOCR-cpp\text_det.cpp(356,97): warning C4244:             _Tp=float
C:\Gutc\PaddleOCR-cpp\PaddleOCR-cpp\text_det.cpp(356,97): warning C4244:         ]
C:\Gutc\PaddleOCR-cpp\PaddleOCR-cpp\text_det.cpp(356,145): warning C4244: '引數': 將 'const _Tp' 轉換為 '_Tp'，由於類型不同，可能導致資料遺失
C:\Gutc\PaddleOCR-cpp\PaddleOCR-cpp\text_det.cpp(356,145): warning C4244:         with
C:\Gutc\PaddleOCR-cpp\PaddleOCR-cpp\text_det.cpp(356,145): warning C4244:         [
C:\Gutc\PaddleOCR-cpp\PaddleOCR-cpp\text_det.cpp(356,145): warning C4244:             _Tp=int
C:\Gutc\PaddleOCR-cpp\PaddleOCR-cpp\text_det.cpp(356,145): warning C4244:         ]
C:\Gutc\PaddleOCR-cpp\PaddleOCR-cpp\text_det.cpp(356,145): warning C4244:         and
C:\Gutc\PaddleOCR-cpp\PaddleOCR-cpp\text_det.cpp(356,145): warning C4244:         [
C:\Gutc\PaddleOCR-cpp\PaddleOCR-cpp\text_det.cpp(356,145): warning C4244:             _Tp=float
C:\Gutc\PaddleOCR-cpp\PaddleOCR-cpp\text_det.cpp(356,145): warning C4244:         ]
C:\Gutc\PaddleOCR-cpp\PaddleOCR-cpp\text_det.cpp(356,127): warning C4244: '引數': 將 'const _Tp' 轉換為 '_Tp'，由於類型不同，可能導致資料遺失
C:\Gutc\PaddleOCR-cpp\PaddleOCR-cpp\text_det.cpp(356,127): warning C4244:         with
C:\Gutc\PaddleOCR-cpp\PaddleOCR-cpp\text_det.cpp(356,127): warning C4244:         [
C:\Gutc\PaddleOCR-cpp\PaddleOCR-cpp\text_det.cpp(356,127): warning C4244:             _Tp=int
C:\Gutc\PaddleOCR-cpp\PaddleOCR-cpp\text_det.cpp(356,127): warning C4244:         ]
C:\Gutc\PaddleOCR-cpp\PaddleOCR-cpp\text_det.cpp(356,127): warning C4244:         and
C:\Gutc\PaddleOCR-cpp\PaddleOCR-cpp\text_det.cpp(356,127): warning C4244:         [
C:\Gutc\PaddleOCR-cpp\PaddleOCR-cpp\text_det.cpp(356,127): warning C4244:             _Tp=float
C:\Gutc\PaddleOCR-cpp\PaddleOCR-cpp\text_det.cpp(356,127): warning C4244:         ]
  text_rec.cpp
C:\Gutc\PaddleOCR-cpp\PaddleOCR-cpp\text_rec.cpp(32,33): warning C4267: '=': 將 'size_t' 轉換為 'int'，資料可能遺失
C:\Gutc\PaddleOCR-cpp\PaddleOCR-cpp\text_rec.cpp(66,86): warning C4244: '=': 將 'double' 轉換為 '_Ty'，由於類型不同，可能導致資料遺失
C:\Gutc\PaddleOCR-cpp\PaddleOCR-cpp\text_rec.cpp(66,86): warning C4244:         with
C:\Gutc\PaddleOCR-cpp\PaddleOCR-cpp\text_rec.cpp(66,86): warning C4244:         [
C:\Gutc\PaddleOCR-cpp\PaddleOCR-cpp\text_rec.cpp(66,86): warning C4244:             _Ty=float
C:\Gutc\PaddleOCR-cpp\PaddleOCR-cpp\text_rec.cpp(66,86): warning C4244:         ]
C:\Gutc\PaddleOCR-cpp\PaddleOCR-cpp\text_rec.cpp(111,8): warning C4244: '正在初始化': 將 '_Ty' 轉換為 'int'，由於類型不同，可能導致資料遺失
C:\Gutc\PaddleOCR-cpp\PaddleOCR-cpp\text_rec.cpp(111,8): warning C4244:         with
C:\Gutc\PaddleOCR-cpp\PaddleOCR-cpp\text_rec.cpp(111,8): warning C4244:         [
C:\Gutc\PaddleOCR-cpp\PaddleOCR-cpp\text_rec.cpp(111,8): warning C4244:             _Ty=int64_t
C:\Gutc\PaddleOCR-cpp\PaddleOCR-cpp\text_rec.cpp(111,8): warning C4244:         ]
C:\Gutc\PaddleOCR-cpp\PaddleOCR-cpp\text_rec.cpp(112,8): warning C4244: '正在初始化': 將 '_Ty' 轉換為 'int'，由於類型不同，可能導致資料遺失
C:\Gutc\PaddleOCR-cpp\PaddleOCR-cpp\text_rec.cpp(112,8): warning C4244:         with
C:\Gutc\PaddleOCR-cpp\PaddleOCR-cpp\text_rec.cpp(112,8): warning C4244:         [
C:\Gutc\PaddleOCR-cpp\PaddleOCR-cpp\text_rec.cpp(112,8): warning C4244:             _Ty=int64_t
C:\Gutc\PaddleOCR-cpp\PaddleOCR-cpp\text_rec.cpp(112,8): warning C4244:         ]
C:\Gutc\PaddleOCR-cpp\PaddleOCR-cpp\text_rec.cpp(140,12): warning C4267: '正在初始化': 將 'size_t' 轉換為 'int'，資料可能遺失
  正在產生程式碼
  Previous IPDB not found, fall back to full compilation.
  All 1081 functions were compiled because no usable IPDB/IOBJ from previous compilation was found.
  已完成程式碼產生
  PaddleOCR-cpp.vcxproj -> C:\Gutc\PaddleOCR-cpp\x64\Release\PaddleOCR-cpp.exe
  ------ ??銴ˊ ------
  SolutionDir=C:\Gutc\PaddleOCR-cpp\
  ConfigurationName=x64
  DestinationPath=C:\Gutc\PaddleOCR-cpp\x64\Release\
  --------------------
  已複製 1 個檔案
  [Deploy] 銴ˊ ONNX Runtime 1.21.0 GPU 鞈?...
  已複製 1 個檔案
  已複製 1 個檔案
  已複製 1 個檔案
  已複製 1 個檔案
  ------ 蝯?銴ˊ ------
